
*** Running vivado
    with args -log Full_system.vds -m64 -product Vivado -mode batch -messageDb vivado.pb -notrace -source Full_system.tcl



****** Vivado v2022.2 (64-bit)
  **** SW Build 3671981 on Fri Oct 14 05:00:03 MDT 2022
  **** IP Build 3669848 on Fri Oct 14 08:30:02 MDT 2022
    ** Copyright 1986-2022 Xilinx, Inc. All Rights Reserved.

source Full_system.tcl -notrace
create_project: Time (s): cpu = 00:00:05 ; elapsed = 00:00:05 . Memory (MB): peak = 393.996 ; gain = 75.078
Command: read_checkpoint -auto_incremental -incremental C:/Proyecto_TFG/TFG/prj/Proyecto_TFG/Proyecto_TFG.srcs/utils_1/imports/synth_1/Serial_Communications.dcp
INFO: [Vivado 12-5825] Read reference checkpoint from C:/Proyecto_TFG/TFG/prj/Proyecto_TFG/Proyecto_TFG.srcs/utils_1/imports/synth_1/Serial_Communications.dcp for incremental synthesis
INFO: [Vivado 12-7989] Please ensure there are no constraint changes
Command: synth_design -top Full_system -part xc7a100tcsg324-1
Starting synth_design
Attempting to get a license for feature 'Synthesis' and/or device 'xc7a100t'
INFO: [Common 17-349] Got license for feature 'Synthesis' and/or device 'xc7a100t'
INFO: [Device 21-403] Loading part xc7a100tcsg324-1
INFO: [Designutils 20-5440] No compile time benefit to using incremental synthesis; A full resynthesis will be run
INFO: [Designutils 20-4379] Flow is switching to default flow due to incremental criteria not met. If you would like to alter this behaviour and have the flow terminate instead, please set the following parameter config_implementation {autoIncr.Synth.RejectBehavior Terminate}
INFO: [Synth 8-7079] Multithreading enabled for synth_design using a maximum of 2 processes.
INFO: [Synth 8-7078] Launching helper process for spawning children vivado processes
INFO: [Synth 8-7075] Helper process launched with PID 31580
INFO: [Synth 8-11241] undeclared symbol 'REGCCE', assumed default net type 'wire' [C:/Universidad/Vivado/2022.2/data/verilog/src/unimacro/BRAM_SINGLE_MACRO.v:2170]
---------------------------------------------------------------------------------
Starting RTL Elaboration : Time (s): cpu = 00:00:05 ; elapsed = 00:00:06 . Memory (MB): peak = 1222.699 ; gain = 409.410
---------------------------------------------------------------------------------
INFO: [Synth 8-638] synthesizing module 'Full_system' [C:/Proyecto_TFG/TFG/prj/Proyecto_TFG/Proyecto_TFG.srcs/sources_1/new/Full_system.vhd:52]
INFO: [Synth 8-3491] module 'Address' declared at 'C:/Proyecto_TFG/TFG/prj/Proyecto_TFG/Proyecto_TFG.srcs/sources_1/new/Adress.vhd:34' bound to instance 'addr' of component 'Address' [C:/Proyecto_TFG/TFG/prj/Proyecto_TFG/Proyecto_TFG.srcs/sources_1/new/Full_system.vhd:88]
INFO: [Synth 8-638] synthesizing module 'Address' [C:/Proyecto_TFG/TFG/prj/Proyecto_TFG/Proyecto_TFG.srcs/sources_1/new/Adress.vhd:43]
INFO: [Synth 8-256] done synthesizing module 'Address' (0#1) [C:/Proyecto_TFG/TFG/prj/Proyecto_TFG/Proyecto_TFG.srcs/sources_1/new/Adress.vhd:43]
INFO: [Synth 8-3491] module 'Instruction' declared at 'C:/Proyecto_TFG/TFG/prj/Proyecto_TFG/Proyecto_TFG.srcs/sources_1/new/Instruction.vhd:34' bound to instance 'instr' of component 'Instruction' [C:/Proyecto_TFG/TFG/prj/Proyecto_TFG/Proyecto_TFG.srcs/sources_1/new/Full_system.vhd:97]
INFO: [Synth 8-638] synthesizing module 'Instruction' [C:/Proyecto_TFG/TFG/prj/Proyecto_TFG/Proyecto_TFG.srcs/sources_1/new/Instruction.vhd:42]
INFO: [Synth 8-256] done synthesizing module 'Instruction' (0#1) [C:/Proyecto_TFG/TFG/prj/Proyecto_TFG/Proyecto_TFG.srcs/sources_1/new/Instruction.vhd:42]
INFO: [Synth 8-3491] module 'Serial_Communications' declared at 'C:/Proyecto_TFG/TFG/src/Serial_Comunications.vhd:36' bound to instance 'coms' of component 'Serial_Communications' [C:/Proyecto_TFG/TFG/prj/Proyecto_TFG/Proyecto_TFG.srcs/sources_1/new/Full_system.vhd:104]
INFO: [Synth 8-638] synthesizing module 'Serial_Communications' [C:/Proyecto_TFG/TFG/src/Serial_Comunications.vhd:53]
WARNING: [Synth 8-614] signal 'sclk_prev_reg' is read in the process but is not in the sensitivity list [C:/Proyecto_TFG/TFG/src/Serial_Comunications.vhd:114]
WARNING: [Synth 8-614] signal 'state_reg' is read in the process but is not in the sensitivity list [C:/Proyecto_TFG/TFG/src/Serial_Comunications.vhd:143]
WARNING: [Synth 8-614] signal 'instruction' is read in the process but is not in the sensitivity list [C:/Proyecto_TFG/TFG/src/Serial_Comunications.vhd:143]
WARNING: [Synth 8-614] signal 'last_instruction_reg' is read in the process but is not in the sensitivity list [C:/Proyecto_TFG/TFG/src/Serial_Comunications.vhd:143]
WARNING: [Synth 8-614] signal 'address' is read in the process but is not in the sensitivity list [C:/Proyecto_TFG/TFG/src/Serial_Comunications.vhd:143]
WARNING: [Synth 8-614] signal 'last_address_reg' is read in the process but is not in the sensitivity list [C:/Proyecto_TFG/TFG/src/Serial_Comunications.vhd:143]
WARNING: [Synth 8-614] signal 'bit_counter_reg' is read in the process but is not in the sensitivity list [C:/Proyecto_TFG/TFG/src/Serial_Comunications.vhd:143]
WARNING: [Synth 8-614] signal 'shift_reg' is read in the process but is not in the sensitivity list [C:/Proyecto_TFG/TFG/src/Serial_Comunications.vhd:143]
WARNING: [Synth 8-614] signal 'data_down' is read in the process but is not in the sensitivity list [C:/Proyecto_TFG/TFG/src/Serial_Comunications.vhd:143]
WARNING: [Synth 8-614] signal 'data_up_reg' is read in the process but is not in the sensitivity list [C:/Proyecto_TFG/TFG/src/Serial_Comunications.vhd:143]
WARNING: [Synth 8-614] signal 'miso' is read in the process but is not in the sensitivity list [C:/Proyecto_TFG/TFG/src/Serial_Comunications.vhd:143]
INFO: [Synth 8-256] done synthesizing module 'Serial_Communications' (0#1) [C:/Proyecto_TFG/TFG/src/Serial_Comunications.vhd:53]
INFO: [Synth 8-256] done synthesizing module 'Full_system' (0#1) [C:/Proyecto_TFG/TFG/prj/Proyecto_TFG/Proyecto_TFG.srcs/sources_1/new/Full_system.vhd:52]
WARNING: [Synth 8-6014] Unused sequential element fe_reg_reg was removed.  [C:/Proyecto_TFG/TFG/src/Serial_Comunications.vhd:92]
---------------------------------------------------------------------------------
Finished RTL Elaboration : Time (s): cpu = 00:00:07 ; elapsed = 00:00:07 . Memory (MB): peak = 1312.871 ; gain = 499.582
---------------------------------------------------------------------------------
---------------------------------------------------------------------------------
Start Handling Custom Attributes
---------------------------------------------------------------------------------
---------------------------------------------------------------------------------
Finished Handling Custom Attributes : Time (s): cpu = 00:00:07 ; elapsed = 00:00:08 . Memory (MB): peak = 1312.871 ; gain = 499.582
---------------------------------------------------------------------------------
---------------------------------------------------------------------------------
Finished RTL Optimization Phase 1 : Time (s): cpu = 00:00:07 ; elapsed = 00:00:08 . Memory (MB): peak = 1312.871 ; gain = 499.582
---------------------------------------------------------------------------------
Netlist sorting complete. Time (s): cpu = 00:00:00 ; elapsed = 00:00:00.002 . Memory (MB): peak = 1312.871 ; gain = 0.000
INFO: [Project 1-570] Preparing netlist for logic optimization

Processing XDC Constraints
Initializing timing engine
Parsing XDC File [C:/Proyecto_TFG/TFG/const/Nexys-A7-100T-Master.xdc]
Finished Parsing XDC File [C:/Proyecto_TFG/TFG/const/Nexys-A7-100T-Master.xdc]
INFO: [Project 1-236] Implementation specific constraints were found while reading constraint file [C:/Proyecto_TFG/TFG/const/Nexys-A7-100T-Master.xdc]. These constraints will be ignored for synthesis but will be used in implementation. Impacted constraints are listed in the file [.Xil/Full_system_propImpl.xdc].
Resolution: To avoid this warning, move constraints listed in [.Xil/Full_system_propImpl.xdc] to another XDC file and exclude this new file from synthesis with the used_in_synthesis property (File Properties dialog in GUI) and re-run elaboration/synthesis.
Completed Processing XDC Constraints

Netlist sorting complete. Time (s): cpu = 00:00:00 ; elapsed = 00:00:00 . Memory (MB): peak = 1374.613 ; gain = 0.000
INFO: [Project 1-111] Unisim Transformation Summary:
No Unisim elements were transformed.

Constraint Validation Runtime : Time (s): cpu = 00:00:00 ; elapsed = 00:00:00.003 . Memory (MB): peak = 1374.613 ; gain = 0.000
INFO: [Designutils 20-5440] No compile time benefit to using incremental synthesis; A full resynthesis will be run
INFO: [Designutils 20-4379] Flow is switching to default flow due to incremental criteria not met. If you would like to alter this behaviour and have the flow terminate instead, please set the following parameter config_implementation {autoIncr.Synth.RejectBehavior Terminate}
INFO: [Synth 8-11241] undeclared symbol 'REGCCE', assumed default net type 'wire' [C:/Universidad/Vivado/2022.2/data/verilog/src/unimacro/BRAM_SINGLE_MACRO.v:2170]
---------------------------------------------------------------------------------
Finished Constraint Validation : Time (s): cpu = 00:00:15 ; elapsed = 00:00:16 . Memory (MB): peak = 1374.613 ; gain = 561.324
---------------------------------------------------------------------------------
---------------------------------------------------------------------------------
Start Loading Part and Timing Information
---------------------------------------------------------------------------------
Loading part: xc7a100tcsg324-1
---------------------------------------------------------------------------------
Finished Loading Part and Timing Information : Time (s): cpu = 00:00:15 ; elapsed = 00:00:16 . Memory (MB): peak = 1374.613 ; gain = 561.324
---------------------------------------------------------------------------------
---------------------------------------------------------------------------------
Start Applying 'set_property' XDC Constraints
---------------------------------------------------------------------------------
---------------------------------------------------------------------------------
Finished applying 'set_property' XDC Constraints : Time (s): cpu = 00:00:15 ; elapsed = 00:00:16 . Memory (MB): peak = 1374.613 ; gain = 561.324
---------------------------------------------------------------------------------
INFO: [Synth 8-802] inferred FSM for state register 'state_reg_reg' in module 'Serial_Communications'
WARNING: [Synth 8-327] inferring latch for variable 'cs_next_reg' [C:/Proyecto_TFG/TFG/src/Serial_Comunications.vhd:101]
---------------------------------------------------------------------------------------------------
                   State |                     New Encoding |                Previous Encoding 
---------------------------------------------------------------------------------------------------
                    idle |                                0 |                              000
                send_cmd |                                1 |                              001
---------------------------------------------------------------------------------------------------
INFO: [Synth 8-3354] encoded FSM with state register 'state_reg_reg' using encoding 'sequential' in module 'Serial_Communications'
WARNING: [Synth 8-327] inferring latch for variable 'FSM_sequential_state_next_reg' [C:/Proyecto_TFG/TFG/src/Serial_Comunications.vhd:98]
WARNING: [Synth 8-327] inferring latch for variable 'mosi_next_reg' [C:/Proyecto_TFG/TFG/src/Serial_Comunications.vhd:102]
WARNING: [Synth 8-327] inferring latch for variable 'data_up_next_reg' [C:/Proyecto_TFG/TFG/src/Serial_Comunications.vhd:104]
WARNING: [Synth 8-327] inferring latch for variable 'last_address_next_reg' [C:/Proyecto_TFG/TFG/src/Serial_Comunications.vhd:109]
WARNING: [Synth 8-327] inferring latch for variable 'last_instruction_next_reg' [C:/Proyecto_TFG/TFG/src/Serial_Comunications.vhd:108]
WARNING: [Synth 8-327] inferring latch for variable 'bit_counter_next_reg' [C:/Proyecto_TFG/TFG/src/Serial_Comunications.vhd:99]
WARNING: [Synth 8-327] inferring latch for variable 'shift_next_reg' [C:/Proyecto_TFG/TFG/src/Serial_Comunications.vhd:100]
---------------------------------------------------------------------------------
Finished RTL Optimization Phase 2 : Time (s): cpu = 00:00:15 ; elapsed = 00:00:16 . Memory (MB): peak = 1374.613 ; gain = 561.324
---------------------------------------------------------------------------------
---------------------------------------------------------------------------------
Start RTL Component Statistics 
---------------------------------------------------------------------------------
Detailed RTL Component Info : 
+---Adders : 
	   2 Input    4 Bit       Adders := 1     
	   2 Input    3 Bit       Adders := 1     
+---Registers : 
	                8 Bit    Registers := 4     
	                4 Bit    Registers := 1     
	                3 Bit    Registers := 1     
	                1 Bit    Registers := 5     
+---Muxes : 
	   5 Input    8 Bit        Muxes := 1     
	   2 Input    8 Bit        Muxes := 2     
	   3 Input    4 Bit        Muxes := 1     
	   2 Input    4 Bit        Muxes := 1     
	   2 Input    3 Bit        Muxes := 2     
	   3 Input    1 Bit        Muxes := 1     
	   2 Input    1 Bit        Muxes := 5     
---------------------------------------------------------------------------------
Finished RTL Component Statistics 
---------------------------------------------------------------------------------
---------------------------------------------------------------------------------
Start Part Resource Summary
---------------------------------------------------------------------------------
Part Resources:
DSPs: 240 (col length:80)
BRAMs: 270 (col length: RAMB18 80 RAMB36 40)
---------------------------------------------------------------------------------
Finished Part Resource Summary
---------------------------------------------------------------------------------
---------------------------------------------------------------------------------
Start Cross Boundary and Area Optimization
---------------------------------------------------------------------------------
WARNING: [Synth 8-7080] Parallel synthesis criteria is not met
WARNING: [Synth 8-7129] Port data_down[6] in module Full_system is either unconnected or has no load
WARNING: [Synth 8-7129] Port data_down[5] in module Full_system is either unconnected or has no load
WARNING: [Synth 8-7129] Port data_down[4] in module Full_system is either unconnected or has no load
WARNING: [Synth 8-7129] Port data_down[3] in module Full_system is either unconnected or has no load
WARNING: [Synth 8-7129] Port data_down[2] in module Full_system is either unconnected or has no load
WARNING: [Synth 8-7129] Port data_down[1] in module Full_system is either unconnected or has no load
WARNING: [Synth 8-7129] Port data_down[0] in module Full_system is either unconnected or has no load
WARNING: [Synth 8-264] enable of latch \coms/last_instruction_next_reg[0]  is always disabled
WARNING: [Synth 8-264] enable of latch \coms/last_instruction_next_reg[0]  is always disabled
WARNING: [Synth 8-264] enable of latch \coms/last_instruction_next_reg[1]  is always disabled
WARNING: [Synth 8-264] enable of latch \coms/last_instruction_next_reg[1]  is always disabled
WARNING: [Synth 8-264] enable of latch \coms/last_instruction_next_reg[3]  is always disabled
WARNING: [Synth 8-264] enable of latch \coms/last_instruction_next_reg[3]  is always disabled
WARNING: [Synth 8-264] enable of latch \coms/last_address_next_reg[6]  is always disabled
WARNING: [Synth 8-264] enable of latch \coms/last_address_next_reg[6]  is always disabled
WARNING: [Synth 8-264] enable of latch \coms/last_address_next_reg[7]  is always disabled
WARNING: [Synth 8-264] enable of latch \coms/last_address_next_reg[7]  is always disabled
WARNING: [Synth 8-264] enable of latch \coms/last_address_next_reg[0]  is always disabled
WARNING: [Synth 8-264] enable of latch \coms/last_address_next_reg[0]  is always disabled
WARNING: [Synth 8-264] enable of latch \coms/last_address_next_reg[1]  is always disabled
WARNING: [Synth 8-264] enable of latch \coms/last_address_next_reg[1]  is always disabled
WARNING: [Synth 8-264] enable of latch \coms/last_address_next_reg[2]  is always disabled
WARNING: [Synth 8-264] enable of latch \coms/last_address_next_reg[2]  is always disabled
WARNING: [Synth 8-264] enable of latch \coms/last_address_next_reg[3]  is always disabled
WARNING: [Synth 8-264] enable of latch \coms/last_address_next_reg[3]  is always disabled
WARNING: [Synth 8-264] enable of latch \coms/last_address_next_reg[4]  is always disabled
WARNING: [Synth 8-264] enable of latch \coms/last_address_next_reg[4]  is always disabled
WARNING: [Synth 8-264] enable of latch \coms/last_address_next_reg[5]  is always disabled
WARNING: [Synth 8-264] enable of latch \coms/last_address_next_reg[5]  is always disabled
WARNING: [Synth 8-264] enable of latch \coms/data_up_next_reg[0]  is always disabled
WARNING: [Synth 8-264] enable of latch \coms/data_up_next_reg[0]  is always disabled
WARNING: [Synth 8-264] enable of latch \coms/data_up_next_reg[1]  is always disabled
WARNING: [Synth 8-264] enable of latch \coms/data_up_next_reg[1]  is always disabled
WARNING: [Synth 8-264] enable of latch \coms/data_up_next_reg[2]  is always disabled
WARNING: [Synth 8-264] enable of latch \coms/data_up_next_reg[2]  is always disabled
WARNING: [Synth 8-264] enable of latch \coms/data_up_next_reg[3]  is always disabled
WARNING: [Synth 8-264] enable of latch \coms/data_up_next_reg[3]  is always disabled
WARNING: [Synth 8-264] enable of latch \coms/data_up_next_reg[4]  is always disabled
WARNING: [Synth 8-264] enable of latch \coms/data_up_next_reg[4]  is always disabled
WARNING: [Synth 8-264] enable of latch \coms/data_up_next_reg[5]  is always disabled
WARNING: [Synth 8-264] enable of latch \coms/data_up_next_reg[5]  is always disabled
WARNING: [Synth 8-264] enable of latch \coms/data_up_next_reg[6]  is always disabled
WARNING: [Synth 8-264] enable of latch \coms/data_up_next_reg[6]  is always disabled
WARNING: [Synth 8-264] enable of latch \coms/data_up_next_reg[7]  is always disabled
WARNING: [Synth 8-264] enable of latch \coms/data_up_next_reg[7]  is always disabled
WARNING: [Synth 8-264] enable of latch \coms/last_instruction_next_reg[0]  is always disabled
WARNING: [Synth 8-264] enable of latch \coms/last_instruction_next_reg[0]  is always disabled
WARNING: [Synth 8-264] enable of latch \coms/last_instruction_next_reg[3]  is always disabled
WARNING: [Synth 8-264] enable of latch \coms/last_instruction_next_reg[3]  is always disabled
WARNING: [Synth 8-264] enable of latch \coms/last_address_next_reg[0]  is always disabled
WARNING: [Synth 8-264] enable of latch \coms/last_address_next_reg[0]  is always disabled
WARNING: [Synth 8-264] enable of latch \coms/last_address_next_reg[1]  is always disabled
WARNING: [Synth 8-264] enable of latch \coms/last_address_next_reg[1]  is always disabled
WARNING: [Synth 8-264] enable of latch \coms/last_address_next_reg[2]  is always disabled
WARNING: [Synth 8-264] enable of latch \coms/last_address_next_reg[2]  is always disabled
WARNING: [Synth 8-264] enable of latch \coms/last_address_next_reg[3]  is always disabled
WARNING: [Synth 8-264] enable of latch \coms/last_address_next_reg[3]  is always disabled
WARNING: [Synth 8-264] enable of latch \coms/last_address_next_reg[4]  is always disabled
WARNING: [Synth 8-264] enable of latch \coms/last_address_next_reg[4]  is always disabled
WARNING: [Synth 8-264] enable of latch \coms/last_address_next_reg[5]  is always disabled
WARNING: [Synth 8-264] enable of latch \coms/last_address_next_reg[5]  is always disabled
WARNING: [Synth 8-264] enable of latch \coms/data_up_next_reg[0]  is always disabled
WARNING: [Synth 8-264] enable of latch \coms/data_up_next_reg[0]  is always disabled
WARNING: [Synth 8-264] enable of latch \coms/data_up_next_reg[1]  is always disabled
WARNING: [Synth 8-264] enable of latch \coms/data_up_next_reg[1]  is always disabled
WARNING: [Synth 8-264] enable of latch \coms/data_up_next_reg[2]  is always disabled
WARNING: [Synth 8-264] enable of latch \coms/data_up_next_reg[2]  is always disabled
WARNING: [Synth 8-264] enable of latch \coms/data_up_next_reg[3]  is always disabled
WARNING: [Synth 8-264] enable of latch \coms/data_up_next_reg[3]  is always disabled
WARNING: [Synth 8-264] enable of latch \coms/data_up_next_reg[4]  is always disabled
WARNING: [Synth 8-264] enable of latch \coms/data_up_next_reg[4]  is always disabled
WARNING: [Synth 8-264] enable of latch \coms/data_up_next_reg[5]  is always disabled
WARNING: [Synth 8-264] enable of latch \coms/data_up_next_reg[5]  is always disabled
WARNING: [Synth 8-264] enable of latch \coms/data_up_next_reg[6]  is always disabled
WARNING: [Synth 8-264] enable of latch \coms/data_up_next_reg[6]  is always disabled
WARNING: [Synth 8-264] enable of latch \coms/data_up_next_reg[7]  is always disabled
WARNING: [Synth 8-264] enable of latch \coms/data_up_next_reg[7]  is always disabled
WARNING: [Synth 8-264] enable of latch \coms/last_instruction_next_reg[0]  is always disabled
WARNING: [Synth 8-264] enable of latch \coms/last_instruction_next_reg[0]  is always disabled
WARNING: [Synth 8-264] enable of latch \coms/last_instruction_next_reg[3]  is always disabled
WARNING: [Synth 8-264] enable of latch \coms/last_instruction_next_reg[3]  is always disabled
WARNING: [Synth 8-264] enable of latch \coms/last_address_next_reg[0]  is always disabled
WARNING: [Synth 8-264] enable of latch \coms/last_address_next_reg[0]  is always disabled
WARNING: [Synth 8-264] enable of latch \coms/last_address_next_reg[1]  is always disabled
WARNING: [Synth 8-264] enable of latch \coms/last_address_next_reg[1]  is always disabled
WARNING: [Synth 8-264] enable of latch \coms/last_address_next_reg[2]  is always disabled
WARNING: [Synth 8-264] enable of latch \coms/last_address_next_reg[2]  is always disabled
WARNING: [Synth 8-264] enable of latch \coms/last_address_next_reg[3]  is always disabled
WARNING: [Synth 8-264] enable of latch \coms/last_address_next_reg[3]  is always disabled
WARNING: [Synth 8-264] enable of latch \coms/last_address_next_reg[4]  is always disabled
WARNING: [Synth 8-264] enable of latch \coms/last_address_next_reg[4]  is always disabled
WARNING: [Synth 8-264] enable of latch \coms/last_address_next_reg[5]  is always disabled
WARNING: [Synth 8-264] enable of latch \coms/last_address_next_reg[5]  is always disabled
WARNING: [Synth 8-264] enable of latch \coms/data_up_next_reg[0]  is always disabled
WARNING: [Synth 8-264] enable of latch \coms/data_up_next_reg[0]  is always disabled
WARNING: [Synth 8-264] enable of latch \coms/data_up_next_reg[1]  is always disabled
WARNING: [Synth 8-264] enable of latch \coms/data_up_next_reg[1]  is always disabled
WARNING: [Synth 8-264] enable of latch \coms/data_up_next_reg[2]  is always disabled
WARNING: [Synth 8-264] enable of latch \coms/data_up_next_reg[2]  is always disabled
WARNING: [Synth 8-264] enable of latch \coms/data_up_next_reg[3]  is always disabled
WARNING: [Synth 8-264] enable of latch \coms/data_up_next_reg[3]  is always disabled
WARNING: [Synth 8-264] enable of latch \coms/data_up_next_reg[4]  is always disabled
WARNING: [Synth 8-264] enable of latch \coms/data_up_next_reg[4]  is always disabled
WARNING: [Synth 8-264] enable of latch \coms/data_up_next_reg[5]  is always disabled
WARNING: [Synth 8-264] enable of latch \coms/data_up_next_reg[5]  is always disabled
WARNING: [Synth 8-264] enable of latch \coms/data_up_next_reg[6]  is always disabled
WARNING: [Synth 8-264] enable of latch \coms/data_up_next_reg[6]  is always disabled
INFO: [Common 17-14] Message 'Synth 8-264' appears 100 times and further instances of the messages will be disabled. Use the Tcl command set_msg_config to change the current settings.
WARNING: [Synth 8-3332] Sequential element (coms/last_instruction_next_reg[7]) is unused and will be removed from module Full_system.
WARNING: [Synth 8-3332] Sequential element (coms/last_instruction_next_reg[6]) is unused and will be removed from module Full_system.
WARNING: [Synth 8-3332] Sequential element (coms/last_instruction_next_reg[5]) is unused and will be removed from module Full_system.
WARNING: [Synth 8-3332] Sequential element (coms/last_instruction_next_reg[4]) is unused and will be removed from module Full_system.
WARNING: [Synth 8-3332] Sequential element (coms/last_instruction_next_reg[2]) is unused and will be removed from module Full_system.
WARNING: [Synth 8-3332] Sequential element (coms/bit_counter_next_reg[2]) is unused and will be removed from module Full_system.
WARNING: [Synth 8-3332] Sequential element (coms/bit_counter_next_reg[1]) is unused and will be removed from module Full_system.
WARNING: [Synth 8-3332] Sequential element (coms/bit_counter_next_reg[0]) is unused and will be removed from module Full_system.
---------------------------------------------------------------------------------
Finished Cross Boundary and Area Optimization : Time (s): cpu = 00:00:17 ; elapsed = 00:00:18 . Memory (MB): peak = 1374.613 ; gain = 561.324
---------------------------------------------------------------------------------
---------------------------------------------------------------------------------
Start Applying XDC Timing Constraints
---------------------------------------------------------------------------------
---------------------------------------------------------------------------------
Finished Applying XDC Timing Constraints : Time (s): cpu = 00:00:22 ; elapsed = 00:00:24 . Memory (MB): peak = 1374.613 ; gain = 561.324
---------------------------------------------------------------------------------
---------------------------------------------------------------------------------
Start Timing Optimization
---------------------------------------------------------------------------------
---------------------------------------------------------------------------------
Finished Timing Optimization : Time (s): cpu = 00:00:22 ; elapsed = 00:00:24 . Memory (MB): peak = 1374.613 ; gain = 561.324
---------------------------------------------------------------------------------
---------------------------------------------------------------------------------
Start Technology Mapping
---------------------------------------------------------------------------------
WARNING: [Synth 8-3332] Sequential element (coms/data_up_next_reg[7]) is unused and will be removed from module Full_system.
WARNING: [Synth 8-3332] Sequential element (coms/data_up_next_reg[6]) is unused and will be removed from module Full_system.
WARNING: [Synth 8-3332] Sequential element (coms/data_up_next_reg[5]) is unused and will be removed from module Full_system.
WARNING: [Synth 8-3332] Sequential element (coms/data_up_next_reg[4]) is unused and will be removed from module Full_system.
WARNING: [Synth 8-3332] Sequential element (coms/data_up_next_reg[3]) is unused and will be removed from module Full_system.
WARNING: [Synth 8-3332] Sequential element (coms/data_up_next_reg[2]) is unused and will be removed from module Full_system.
WARNING: [Synth 8-3332] Sequential element (coms/data_up_next_reg[1]) is unused and will be removed from module Full_system.
WARNING: [Synth 8-3332] Sequential element (coms/data_up_next_reg[0]) is unused and will be removed from module Full_system.
WARNING: [Synth 8-3332] Sequential element (coms/last_address_next_reg[5]) is unused and will be removed from module Full_system.
WARNING: [Synth 8-3332] Sequential element (coms/last_address_next_reg[4]) is unused and will be removed from module Full_system.
WARNING: [Synth 8-3332] Sequential element (coms/last_address_next_reg[3]) is unused and will be removed from module Full_system.
WARNING: [Synth 8-3332] Sequential element (coms/last_address_next_reg[2]) is unused and will be removed from module Full_system.
WARNING: [Synth 8-3332] Sequential element (coms/last_address_next_reg[1]) is unused and will be removed from module Full_system.
WARNING: [Synth 8-3332] Sequential element (coms/last_address_next_reg[0]) is unused and will be removed from module Full_system.
WARNING: [Synth 8-3332] Sequential element (coms/last_instruction_next_reg[3]) is unused and will be removed from module Full_system.
WARNING: [Synth 8-3332] Sequential element (coms/last_instruction_next_reg[0]) is unused and will be removed from module Full_system.
---------------------------------------------------------------------------------
Finished Technology Mapping : Time (s): cpu = 00:00:22 ; elapsed = 00:00:24 . Memory (MB): peak = 1374.613 ; gain = 561.324
---------------------------------------------------------------------------------
---------------------------------------------------------------------------------
Start IO Insertion
---------------------------------------------------------------------------------
---------------------------------------------------------------------------------
Start Flattening Before IO Insertion
---------------------------------------------------------------------------------
---------------------------------------------------------------------------------
Finished Flattening Before IO Insertion
---------------------------------------------------------------------------------
---------------------------------------------------------------------------------
Start Final Netlist Cleanup
---------------------------------------------------------------------------------
---------------------------------------------------------------------------------
Finished Final Netlist Cleanup
---------------------------------------------------------------------------------
---------------------------------------------------------------------------------
Finished IO Insertion : Time (s): cpu = 00:00:27 ; elapsed = 00:00:28 . Memory (MB): peak = 1374.613 ; gain = 561.324
---------------------------------------------------------------------------------
---------------------------------------------------------------------------------
Start Renaming Generated Instances
---------------------------------------------------------------------------------
---------------------------------------------------------------------------------
Finished Renaming Generated Instances : Time (s): cpu = 00:00:27 ; elapsed = 00:00:28 . Memory (MB): peak = 1374.613 ; gain = 561.324
---------------------------------------------------------------------------------
---------------------------------------------------------------------------------
Start Rebuilding User Hierarchy
---------------------------------------------------------------------------------
---------------------------------------------------------------------------------
Finished Rebuilding User Hierarchy : Time (s): cpu = 00:00:27 ; elapsed = 00:00:28 . Memory (MB): peak = 1374.613 ; gain = 561.324
---------------------------------------------------------------------------------
---------------------------------------------------------------------------------
Start Renaming Generated Ports
---------------------------------------------------------------------------------
---------------------------------------------------------------------------------
Finished Renaming Generated Ports : Time (s): cpu = 00:00:27 ; elapsed = 00:00:28 . Memory (MB): peak = 1374.613 ; gain = 561.324
---------------------------------------------------------------------------------
---------------------------------------------------------------------------------
Start Handling Custom Attributes
---------------------------------------------------------------------------------
---------------------------------------------------------------------------------
Finished Handling Custom Attributes : Time (s): cpu = 00:00:27 ; elapsed = 00:00:28 . Memory (MB): peak = 1374.613 ; gain = 561.324
---------------------------------------------------------------------------------
---------------------------------------------------------------------------------
Start Renaming Generated Nets
---------------------------------------------------------------------------------
---------------------------------------------------------------------------------
Finished Renaming Generated Nets : Time (s): cpu = 00:00:27 ; elapsed = 00:00:28 . Memory (MB): peak = 1374.613 ; gain = 561.324
---------------------------------------------------------------------------------
---------------------------------------------------------------------------------
Start Writing Synthesis Report
---------------------------------------------------------------------------------

Report BlackBoxes: 
+-+--------------+----------+
| |BlackBox name |Instances |
+-+--------------+----------+
+-+--------------+----------+

Report Cell Usage: 
+------+-----+------+
|      |Cell |Count |
+------+-----+------+
|1     |BUFG |     1|
|2     |LUT1 |     2|
|3     |LUT2 |    10|
|4     |LUT3 |     2|
|5     |LUT4 |     5|
|6     |FDCE |    17|
|7     |FDPE |     1|
|8     |LD   |    11|
|9     |IBUF |     4|
|10    |OBUF |    11|
+------+-----+------+
---------------------------------------------------------------------------------
Finished Writing Synthesis Report : Time (s): cpu = 00:00:27 ; elapsed = 00:00:28 . Memory (MB): peak = 1374.613 ; gain = 561.324
---------------------------------------------------------------------------------
Synthesis finished with 0 errors, 0 critical warnings and 270 warnings.
Synthesis Optimization Runtime : Time (s): cpu = 00:00:18 ; elapsed = 00:00:26 . Memory (MB): peak = 1374.613 ; gain = 499.582
Synthesis Optimization Complete : Time (s): cpu = 00:00:27 ; elapsed = 00:00:28 . Memory (MB): peak = 1374.613 ; gain = 561.324
INFO: [Project 1-571] Translating synthesized netlist
Netlist sorting complete. Time (s): cpu = 00:00:00 ; elapsed = 00:00:00.001 . Memory (MB): peak = 1374.613 ; gain = 0.000
INFO: [Netlist 29-17] Analyzing 11 Unisim elements for replacement
INFO: [Netlist 29-28] Unisim Transformation completed in 0 CPU seconds
INFO: [Project 1-570] Preparing netlist for logic optimization
INFO: [Opt 31-138] Pushed 0 inverter(s) to 0 load pin(s).
Netlist sorting complete. Time (s): cpu = 00:00:00 ; elapsed = 00:00:00 . Memory (MB): peak = 1374.613 ; gain = 0.000
INFO: [Project 1-111] Unisim Transformation Summary:
  A total of 11 instances were transformed.
  LD => LDCE: 11 instances

Synth Design complete, checksum: c00f6140
INFO: [Common 17-83] Releasing license: Synthesis
37 Infos, 152 Warnings, 0 Critical Warnings and 0 Errors encountered.
synth_design completed successfully
synth_design: Time (s): cpu = 00:00:32 ; elapsed = 00:00:34 . Memory (MB): peak = 1374.613 ; gain = 955.754
INFO: [Common 17-1381] The checkpoint 'C:/Proyecto_TFG/TFG/prj/Proyecto_TFG/Proyecto_TFG.runs/synth_1/Full_system.dcp' has been generated.
INFO: [runtcl-4] Executing : report_utilization -file Full_system_utilization_synth.rpt -pb Full_system_utilization_synth.pb
INFO: [Common 17-206] Exiting Vivado at Thu Mar 13 13:49:04 2025...
