
*** Running vivado
    with args -log Full_system.vds -m64 -product Vivado -mode batch -messageDb vivado.pb -notrace -source Full_system.tcl



****** Vivado v2022.2 (64-bit)
  **** SW Build 3671981 on Fri Oct 14 05:00:03 MDT 2022
  **** IP Build 3669848 on Fri Oct 14 08:30:02 MDT 2022
    ** Copyright 1986-2022 Xilinx, Inc. All Rights Reserved.

source Full_system.tcl -notrace
create_project: Time (s): cpu = 00:00:05 ; elapsed = 00:00:07 . Memory (MB): peak = 394.652 ; gain = 84.902
Command: read_checkpoint -auto_incremental -incremental C:/Proyecto_TFG/TFG/prj/Proyecto_TFG_V2/Proyecto_TFG_V2/Proyecto_TFG_V2.srcs/utils_1/imports/synth_1/Full_system.dcp
INFO: [Vivado 12-5825] Read reference checkpoint from C:/Proyecto_TFG/TFG/prj/Proyecto_TFG_V2/Proyecto_TFG_V2/Proyecto_TFG_V2.srcs/utils_1/imports/synth_1/Full_system.dcp for incremental synthesis
INFO: [Vivado 12-7989] Please ensure there are no constraint changes
Command: synth_design -top Full_system -part xc7a100tcsg324-1
Starting synth_design
Attempting to get a license for feature 'Synthesis' and/or device 'xc7a100t'
INFO: [Common 17-349] Got license for feature 'Synthesis' and/or device 'xc7a100t'
INFO: [Device 21-403] Loading part xc7a100tcsg324-1
INFO: [Designutils 20-5440] No compile time benefit to using incremental synthesis; A full resynthesis will be run
INFO: [Designutils 20-4379] Flow is switching to default flow due to incremental criteria not met. If you would like to alter this behaviour and have the flow terminate instead, please set the following parameter config_implementation {autoIncr.Synth.RejectBehavior Terminate}
INFO: [Synth 8-7079] Multithreading enabled for synth_design using a maximum of 2 processes.
INFO: [Synth 8-7078] Launching helper process for spawning children vivado processes
INFO: [Synth 8-7075] Helper process launched with PID 932
INFO: [Synth 8-11241] undeclared symbol 'REGCCE', assumed default net type 'wire' [C:/Universidad/Vivado/2022.2/data/verilog/src/unimacro/BRAM_SINGLE_MACRO.v:2170]
---------------------------------------------------------------------------------
Starting RTL Elaboration : Time (s): cpu = 00:00:04 ; elapsed = 00:00:06 . Memory (MB): peak = 1222.926 ; gain = 408.832
---------------------------------------------------------------------------------
INFO: [Synth 8-638] synthesizing module 'Full_system' [C:/Proyecto_TFG/TFG/prj/Proyecto_TFG_V2/Proyecto_TFG_V2/Proyecto_TFG_V2.srcs/sources_1/new/Full_System.vhd:60]
INFO: [Synth 8-3491] module 'Sync_Debouncer' declared at 'C:/Proyecto_TFG/TFG/prj/Proyecto_TFG_V2/Proyecto_TFG_V2/Proyecto_TFG_V2.srcs/sources_1/new/Sync_Debouncer.vhd:26' bound to instance 'db_enable_down' of component 'Sync_Debouncer' [C:/Proyecto_TFG/TFG/prj/Proyecto_TFG_V2/Proyecto_TFG_V2/Proyecto_TFG_V2.srcs/sources_1/new/Full_System.vhd:170]
INFO: [Synth 8-638] synthesizing module 'Sync_Debouncer' [C:/Proyecto_TFG/TFG/prj/Proyecto_TFG_V2/Proyecto_TFG_V2/Proyecto_TFG_V2.srcs/sources_1/new/Sync_Debouncer.vhd:33]
INFO: [Synth 8-256] done synthesizing module 'Sync_Debouncer' (0#1) [C:/Proyecto_TFG/TFG/prj/Proyecto_TFG_V2/Proyecto_TFG_V2/Proyecto_TFG_V2.srcs/sources_1/new/Sync_Debouncer.vhd:33]
INFO: [Synth 8-3491] module 'Address' declared at 'C:/Proyecto_TFG/TFG/src/Address.vhd:34' bound to instance 'addr' of component 'Address' [C:/Proyecto_TFG/TFG/prj/Proyecto_TFG_V2/Proyecto_TFG_V2/Proyecto_TFG_V2.srcs/sources_1/new/Full_System.vhd:187]
INFO: [Synth 8-638] synthesizing module 'Address' [C:/Proyecto_TFG/TFG/src/Address.vhd:43]
INFO: [Synth 8-256] done synthesizing module 'Address' (0#1) [C:/Proyecto_TFG/TFG/src/Address.vhd:43]
INFO: [Synth 8-3491] module 'Instruction' declared at 'C:/Proyecto_TFG/TFG/src/Instruction.vhd:34' bound to instance 'instr' of component 'Instruction' [C:/Proyecto_TFG/TFG/prj/Proyecto_TFG_V2/Proyecto_TFG_V2/Proyecto_TFG_V2.srcs/sources_1/new/Full_System.vhd:197]
INFO: [Synth 8-638] synthesizing module 'Instruction' [C:/Proyecto_TFG/TFG/src/Instruction.vhd:42]
INFO: [Synth 8-256] done synthesizing module 'Instruction' (0#1) [C:/Proyecto_TFG/TFG/src/Instruction.vhd:42]
INFO: [Synth 8-3491] module 'Serial_Communications' declared at 'C:/Proyecto_TFG/TFG/prj/Proyecto_TFG_V2/Proyecto_TFG_V2/Proyecto_TFG_V2.srcs/sources_1/new/Serial_Communications.vhd:34' bound to instance 'coms' of component 'Serial_Communications' [C:/Proyecto_TFG/TFG/prj/Proyecto_TFG_V2/Proyecto_TFG_V2/Proyecto_TFG_V2.srcs/sources_1/new/Full_System.vhd:205]
INFO: [Synth 8-638] synthesizing module 'Serial_Communications' [C:/Proyecto_TFG/TFG/prj/Proyecto_TFG_V2/Proyecto_TFG_V2/Proyecto_TFG_V2.srcs/sources_1/new/Serial_Communications.vhd:61]
INFO: [Synth 8-256] done synthesizing module 'Serial_Communications' (0#1) [C:/Proyecto_TFG/TFG/prj/Proyecto_TFG_V2/Proyecto_TFG_V2/Proyecto_TFG_V2.srcs/sources_1/new/Serial_Communications.vhd:61]
INFO: [Synth 8-256] done synthesizing module 'Full_system' (0#1) [C:/Proyecto_TFG/TFG/prj/Proyecto_TFG_V2/Proyecto_TFG_V2/Proyecto_TFG_V2.srcs/sources_1/new/Full_System.vhd:60]
---------------------------------------------------------------------------------
Finished RTL Elaboration : Time (s): cpu = 00:00:06 ; elapsed = 00:00:07 . Memory (MB): peak = 1314.992 ; gain = 500.898
---------------------------------------------------------------------------------
---------------------------------------------------------------------------------
Start Handling Custom Attributes
---------------------------------------------------------------------------------
---------------------------------------------------------------------------------
Finished Handling Custom Attributes : Time (s): cpu = 00:00:06 ; elapsed = 00:00:08 . Memory (MB): peak = 1314.992 ; gain = 500.898
---------------------------------------------------------------------------------
---------------------------------------------------------------------------------
Finished RTL Optimization Phase 1 : Time (s): cpu = 00:00:06 ; elapsed = 00:00:08 . Memory (MB): peak = 1314.992 ; gain = 500.898
---------------------------------------------------------------------------------
Netlist sorting complete. Time (s): cpu = 00:00:00 ; elapsed = 00:00:00.002 . Memory (MB): peak = 1314.992 ; gain = 0.000
INFO: [Project 1-570] Preparing netlist for logic optimization

Processing XDC Constraints
Initializing timing engine
Parsing XDC File [C:/Proyecto_TFG/TFG/const/Nexys-A7-100T-Master.xdc]
Finished Parsing XDC File [C:/Proyecto_TFG/TFG/const/Nexys-A7-100T-Master.xdc]
INFO: [Project 1-236] Implementation specific constraints were found while reading constraint file [C:/Proyecto_TFG/TFG/const/Nexys-A7-100T-Master.xdc]. These constraints will be ignored for synthesis but will be used in implementation. Impacted constraints are listed in the file [.Xil/Full_system_propImpl.xdc].
Resolution: To avoid this warning, move constraints listed in [.Xil/Full_system_propImpl.xdc] to another XDC file and exclude this new file from synthesis with the used_in_synthesis property (File Properties dialog in GUI) and re-run elaboration/synthesis.
Completed Processing XDC Constraints

Netlist sorting complete. Time (s): cpu = 00:00:00 ; elapsed = 00:00:00 . Memory (MB): peak = 1356.297 ; gain = 0.000
INFO: [Project 1-111] Unisim Transformation Summary:
No Unisim elements were transformed.

Constraint Validation Runtime : Time (s): cpu = 00:00:00 ; elapsed = 00:00:00.003 . Memory (MB): peak = 1356.297 ; gain = 0.000
INFO: [Designutils 20-5440] No compile time benefit to using incremental synthesis; A full resynthesis will be run
INFO: [Designutils 20-4379] Flow is switching to default flow due to incremental criteria not met. If you would like to alter this behaviour and have the flow terminate instead, please set the following parameter config_implementation {autoIncr.Synth.RejectBehavior Terminate}
INFO: [Synth 8-11241] undeclared symbol 'REGCCE', assumed default net type 'wire' [C:/Universidad/Vivado/2022.2/data/verilog/src/unimacro/BRAM_SINGLE_MACRO.v:2170]
---------------------------------------------------------------------------------
Finished Constraint Validation : Time (s): cpu = 00:00:13 ; elapsed = 00:00:15 . Memory (MB): peak = 1356.297 ; gain = 542.203
---------------------------------------------------------------------------------
---------------------------------------------------------------------------------
Start Loading Part and Timing Information
---------------------------------------------------------------------------------
Loading part: xc7a100tcsg324-1
---------------------------------------------------------------------------------
Finished Loading Part and Timing Information : Time (s): cpu = 00:00:13 ; elapsed = 00:00:15 . Memory (MB): peak = 1356.297 ; gain = 542.203
---------------------------------------------------------------------------------
---------------------------------------------------------------------------------
Start Applying 'set_property' XDC Constraints
---------------------------------------------------------------------------------
---------------------------------------------------------------------------------
Finished applying 'set_property' XDC Constraints : Time (s): cpu = 00:00:13 ; elapsed = 00:00:15 . Memory (MB): peak = 1356.297 ; gain = 542.203
---------------------------------------------------------------------------------
INFO: [Synth 8-802] inferred FSM for state register 'state_reg_reg' in module 'Serial_Communications'
---------------------------------------------------------------------------------------------------
                   State |                     New Encoding |                Previous Encoding 
---------------------------------------------------------------------------------------------------
                    idle |                          0000001 |                              000
        send_instruction |                          0000010 |                              001
            send_address |                          0000100 |                              010
                    read |                          0001000 |                              011
                 read_up |                          0010000 |                              101
                   write |                          0100000 |                              100
                    done |                          1000000 |                              110
---------------------------------------------------------------------------------------------------
INFO: [Synth 8-3354] encoded FSM with state register 'state_reg_reg' using encoding 'one-hot' in module 'Serial_Communications'
---------------------------------------------------------------------------------
Finished RTL Optimization Phase 2 : Time (s): cpu = 00:00:14 ; elapsed = 00:00:16 . Memory (MB): peak = 1356.297 ; gain = 542.203
---------------------------------------------------------------------------------
---------------------------------------------------------------------------------
Start RTL Component Statistics 
---------------------------------------------------------------------------------
Detailed RTL Component Info : 
+---Adders : 
	   2 Input   20 Bit       Adders := 1     
	   2 Input    5 Bit       Adders := 1     
	   2 Input    4 Bit       Adders := 3     
	   2 Input    3 Bit       Adders := 1     
+---Registers : 
	               20 Bit    Registers := 1     
	                8 Bit    Registers := 4     
	                4 Bit    Registers := 2     
	                3 Bit    Registers := 1     
	                2 Bit    Registers := 1     
	                1 Bit    Registers := 4     
+---Muxes : 
	   2 Input   20 Bit        Muxes := 1     
	   2 Input    8 Bit        Muxes := 1     
	   7 Input    8 Bit        Muxes := 3     
	   7 Input    7 Bit        Muxes := 1     
	   2 Input    7 Bit        Muxes := 10    
	   3 Input    7 Bit        Muxes := 1     
	   5 Input    6 Bit        Muxes := 1     
	   3 Input    4 Bit        Muxes := 1     
	   2 Input    4 Bit        Muxes := 1     
	   7 Input    4 Bit        Muxes := 2     
	   7 Input    3 Bit        Muxes := 1     
	   2 Input    2 Bit        Muxes := 1     
	   2 Input    1 Bit        Muxes := 6     
	   7 Input    1 Bit        Muxes := 12    
---------------------------------------------------------------------------------
Finished RTL Component Statistics 
---------------------------------------------------------------------------------
---------------------------------------------------------------------------------
Start Part Resource Summary
---------------------------------------------------------------------------------
Part Resources:
DSPs: 240 (col length:80)
BRAMs: 270 (col length: RAMB18 80 RAMB36 40)
---------------------------------------------------------------------------------
Finished Part Resource Summary
---------------------------------------------------------------------------------
---------------------------------------------------------------------------------
Start Cross Boundary and Area Optimization
---------------------------------------------------------------------------------
WARNING: [Synth 8-7080] Parallel synthesis criteria is not met
---------------------------------------------------------------------------------
Finished Cross Boundary and Area Optimization : Time (s): cpu = 00:00:15 ; elapsed = 00:00:18 . Memory (MB): peak = 1356.297 ; gain = 542.203
---------------------------------------------------------------------------------
---------------------------------------------------------------------------------
Start Applying XDC Timing Constraints
---------------------------------------------------------------------------------
---------------------------------------------------------------------------------
Finished Applying XDC Timing Constraints : Time (s): cpu = 00:00:21 ; elapsed = 00:00:23 . Memory (MB): peak = 1356.297 ; gain = 542.203
---------------------------------------------------------------------------------
---------------------------------------------------------------------------------
Start Timing Optimization
---------------------------------------------------------------------------------
---------------------------------------------------------------------------------
Finished Timing Optimization : Time (s): cpu = 00:00:21 ; elapsed = 00:00:23 . Memory (MB): peak = 1356.297 ; gain = 542.203
---------------------------------------------------------------------------------
---------------------------------------------------------------------------------
Start Technology Mapping
---------------------------------------------------------------------------------
---------------------------------------------------------------------------------
Finished Technology Mapping : Time (s): cpu = 00:00:21 ; elapsed = 00:00:24 . Memory (MB): peak = 1356.297 ; gain = 542.203
---------------------------------------------------------------------------------
---------------------------------------------------------------------------------
Start IO Insertion
---------------------------------------------------------------------------------
---------------------------------------------------------------------------------
Start Flattening Before IO Insertion
---------------------------------------------------------------------------------
---------------------------------------------------------------------------------
Finished Flattening Before IO Insertion
---------------------------------------------------------------------------------
---------------------------------------------------------------------------------
Start Final Netlist Cleanup
---------------------------------------------------------------------------------
---------------------------------------------------------------------------------
Finished Final Netlist Cleanup
---------------------------------------------------------------------------------
---------------------------------------------------------------------------------
Finished IO Insertion : Time (s): cpu = 00:00:25 ; elapsed = 00:00:28 . Memory (MB): peak = 1356.297 ; gain = 542.203
---------------------------------------------------------------------------------
---------------------------------------------------------------------------------
Start Renaming Generated Instances
---------------------------------------------------------------------------------
---------------------------------------------------------------------------------
Finished Renaming Generated Instances : Time (s): cpu = 00:00:25 ; elapsed = 00:00:28 . Memory (MB): peak = 1356.297 ; gain = 542.203
---------------------------------------------------------------------------------
---------------------------------------------------------------------------------
Start Rebuilding User Hierarchy
---------------------------------------------------------------------------------
---------------------------------------------------------------------------------
Finished Rebuilding User Hierarchy : Time (s): cpu = 00:00:25 ; elapsed = 00:00:28 . Memory (MB): peak = 1356.297 ; gain = 542.203
---------------------------------------------------------------------------------
---------------------------------------------------------------------------------
Start Renaming Generated Ports
---------------------------------------------------------------------------------
---------------------------------------------------------------------------------
Finished Renaming Generated Ports : Time (s): cpu = 00:00:25 ; elapsed = 00:00:28 . Memory (MB): peak = 1356.297 ; gain = 542.203
---------------------------------------------------------------------------------
---------------------------------------------------------------------------------
Start Handling Custom Attributes
---------------------------------------------------------------------------------
---------------------------------------------------------------------------------
Finished Handling Custom Attributes : Time (s): cpu = 00:00:25 ; elapsed = 00:00:28 . Memory (MB): peak = 1356.297 ; gain = 542.203
---------------------------------------------------------------------------------
---------------------------------------------------------------------------------
Start Renaming Generated Nets
---------------------------------------------------------------------------------
---------------------------------------------------------------------------------
Finished Renaming Generated Nets : Time (s): cpu = 00:00:25 ; elapsed = 00:00:28 . Memory (MB): peak = 1356.297 ; gain = 542.203
---------------------------------------------------------------------------------
---------------------------------------------------------------------------------
Start Writing Synthesis Report
---------------------------------------------------------------------------------

Report BlackBoxes: 
+-+--------------+----------+
| |BlackBox name |Instances |
+-+--------------+----------+
+-+--------------+----------+

Report Cell Usage: 
+------+-------+------+
|      |Cell   |Count |
+------+-------+------+
|1     |BUFG   |     1|
|2     |CARRY4 |     7|
|3     |LUT1   |     3|
|4     |LUT2   |    36|
|5     |LUT3   |     7|
|6     |LUT4   |    22|
|7     |LUT5   |    12|
|8     |LUT6   |    17|
|9     |FDCE   |    30|
|10    |FDPE   |     1|
|11    |FDRE   |    45|
|12    |IBUF   |    18|
|13    |OBUF   |    13|
+------+-------+------+
---------------------------------------------------------------------------------
Finished Writing Synthesis Report : Time (s): cpu = 00:00:25 ; elapsed = 00:00:28 . Memory (MB): peak = 1356.297 ; gain = 542.203
---------------------------------------------------------------------------------
Synthesis finished with 0 errors, 0 critical warnings and 1 warnings.
Synthesis Optimization Runtime : Time (s): cpu = 00:00:17 ; elapsed = 00:00:26 . Memory (MB): peak = 1356.297 ; gain = 500.898
Synthesis Optimization Complete : Time (s): cpu = 00:00:25 ; elapsed = 00:00:28 . Memory (MB): peak = 1356.297 ; gain = 542.203
INFO: [Project 1-571] Translating synthesized netlist
Netlist sorting complete. Time (s): cpu = 00:00:00 ; elapsed = 00:00:00.002 . Memory (MB): peak = 1356.297 ; gain = 0.000
INFO: [Netlist 29-17] Analyzing 7 Unisim elements for replacement
INFO: [Netlist 29-28] Unisim Transformation completed in 0 CPU seconds
INFO: [Project 1-570] Preparing netlist for logic optimization
INFO: [Opt 31-138] Pushed 0 inverter(s) to 0 load pin(s).
Netlist sorting complete. Time (s): cpu = 00:00:00 ; elapsed = 00:00:00 . Memory (MB): peak = 1358.598 ; gain = 0.000
INFO: [Project 1-111] Unisim Transformation Summary:
No Unisim elements were transformed.

Synth Design complete, checksum: bff73dc7
INFO: [Common 17-83] Releasing license: Synthesis
39 Infos, 1 Warnings, 0 Critical Warnings and 0 Errors encountered.
synth_design completed successfully
synth_design: Time (s): cpu = 00:00:30 ; elapsed = 00:00:43 . Memory (MB): peak = 1358.598 ; gain = 939.078
INFO: [Common 17-1381] The checkpoint 'C:/Proyecto_TFG/TFG/prj/Proyecto_TFG_V2/Proyecto_TFG_V2/Proyecto_TFG_V2.runs/synth_1/Full_system.dcp' has been generated.
INFO: [runtcl-4] Executing : report_utilization -file Full_system_utilization_synth.rpt -pb Full_system_utilization_synth.pb
INFO: [Common 17-206] Exiting Vivado at Fri May  9 14:20:41 2025...
